Command line invocation:
    /Applications/Xcode.app/Contents/Developer/usr/bin/xcodebuild -project MealMap/MealMap.xcodeproj -scheme MealMap build

User defaults from command line:
    IDEPackageSupportUseBuiltinSCM = YES

Prepare packages

ComputeTargetDependencyGraph
note: Building targets in dependency order
note: Target dependency graph (1 target)
    Target 'MealMap' in project 'MealMap' (no dependencies)

GatherProvisioningInputs

CreateBuildDescription

ExecuteExternalTool /Applications/Xcode.app/Contents/Developer/Toolchains/XcodeDefault.xctoolchain/usr/bin/clang -v -E -dM -isysroot /Applications/Xcode.app/Contents/Developer/Platforms/iPhoneOS.platform/Developer/SDKs/iPhoneOS18.2.sdk -x c -c /dev/null

ExecuteExternalTool /Applications/Xcode.app/Contents/Developer/usr/bin/actool --print-asset-tag-combinations --output-format xml1 /Users/blail/Desktop/mealmap/MealMap/MealMap/Assets.xcassets

ExecuteExternalTool /Applications/Xcode.app/Contents/Developer/usr/bin/ibtool --version --output-format xml1

ExecuteExternalTool /Applications/Xcode.app/Contents/Developer/usr/bin/actool --version --output-format xml1

ExecuteExternalTool /Applications/Xcode.app/Contents/Developer/Toolchains/XcodeDefault.xctoolchain/usr/bin/swiftc --version

ExecuteExternalTool /Applications/Xcode.app/Contents/Developer/Toolchains/XcodeDefault.xctoolchain/usr/bin/ld -version_details

Build description signature: 8290e10455be0d60f7b13aeac9c4747d
Build description path: /Users/blail/Library/Developer/Xcode/DerivedData/MealMap-gjnyvisimbrufoexizmjoftaszcy/Build/Intermediates.noindex/XCBuildData/8290e10455be0d60f7b13aeac9c4747d.xcbuilddata
/Users/blail/Desktop/mealmap/MealMap/MealMap.xcodeproj: error: No profiles for 'launchapp.MealMap' were found: Xcode couldn't find any iOS App Development provisioning profiles matching 'launchapp.MealMap'. Automatic signing is disabled and unable to generate a profile. To enable automatic signing, pass -allowProvisioningUpdates to xcodebuild. (in target 'MealMap' from project 'MealMap')
